build/app/intermediates/manifest_merge_blame_file/debug/manifest-merger-blame-debug-report.txt
1<?xml version="1.0" encoding="utf-8"?>
2<manifest xmlns:android="http://schemas.android.com/apk/res/android"
3    package="com.example.flutter_application_1"
4    android:versionCode="1"
5    android:versionName="1.0.0" >
6
7    <uses-sdk
8        android:minSdkVersion="21"
9        android:targetSdkVersion="34" />
10    <!--
11         The INTERNET permission is required for development. Specifically,
12         the Flutter tool needs it to communicate with the running application
13         to allow setting breakpoints, to provide hot reload, etc.
14    -->
15    <uses-permission android:name="android.permission.INTERNET" />
15-->src\debug\AndroidManifest.xml:6:5-66
15-->src\debug\AndroidManifest.xml:6:22-64
16    <uses-permission android:name="android.permission.VIBRATE" />
16-->src\main\AndroidManifest.xml:2:5-65
16-->src\main\AndroidManifest.xml:2:22-63
17    <!--
18 Required to query activities that can process text, see:
19         https://developer.android.com/training/package-visibility and
20         https://developer.android.com/reference/android/content/Intent#ACTION_PROCESS_TEXT.
21
22         In particular, this is used by the Flutter engine in io.flutter.plugin.text.ProcessTextPlugin.
23    -->
24    <queries>
24-->src\main\AndroidManifest.xml:40:5-45:15
25        <intent>
25-->src\main\AndroidManifest.xml:41:9-44:18
26            <action android:name="android.intent.action.PROCESS_TEXT" />
26-->src\main\AndroidManifest.xml:42:13-72
26-->src\main\AndroidManifest.xml:42:21-70
27
28            <data android:mimeType="text/plain" />
28-->src\main\AndroidManifest.xml:43:13-50
28-->src\main\AndroidManifest.xml:43:19-48
29        </intent>
30    </queries>
31
32    <uses-permission android:name="android.permission.RECEIVE_BOOT_COMPLETED" />
32-->[:flutter_local_notifications] AndroidManifest.xml:9:5-81
32-->[:flutter_local_notifications] AndroidManifest.xml:9:22-78
33    <uses-permission android:name="android.permission.USE_FULL_SCREEN_INTENT" />
33-->[:flutter_local_notifications] AndroidManifest.xml:11:5-81
33-->[:flutter_local_notifications] AndroidManifest.xml:11:22-78
34    <uses-permission android:name="android.permission.SCHEDULE_EXACT_ALARM" />
34-->[:flutter_local_notifications] AndroidManifest.xml:12:5-79
34-->[:flutter_local_notifications] AndroidManifest.xml:12:22-76
35    <uses-permission android:name="android.permission.POST_NOTIFICATIONS" />
35-->[:flutter_local_notifications] AndroidManifest.xml:13:5-77
35-->[:flutter_local_notifications] AndroidManifest.xml:13:22-74
36
37    <permission
37-->[androidx.core:core:1.13.1] AndroidManifest.xml:22:5-24:47
38        android:name="com.example.flutter_application_1.DYNAMIC_RECEIVER_NOT_EXPORTED_PERMISSION"
38-->[androidx.core:core:1.13.1] AndroidManifest.xml:23:9-81
39        android:protectionLevel="signature" />
39-->[androidx.core:core:1.13.1] AndroidManifest.xml:24:9-44
40
41    <uses-permission android:name="com.example.flutter_application_1.DYNAMIC_RECEIVER_NOT_EXPORTED_PERMISSION" />
41-->[androidx.core:core:1.13.1] AndroidManifest.xml:26:5-97
41-->[androidx.core:core:1.13.1] AndroidManifest.xml:26:22-94
42
43    <application
44        android:name="android.app.Application"
45        android:appComponentFactory="androidx.core.app.CoreComponentFactory"
45-->[androidx.core:core:1.13.1] AndroidManifest.xml:28:18-86
46        android:debuggable="true"
47        android:icon="@mipmap/ic_launcher"
48        android:label="flutter_application_1" >
49        <activity
50            android:name="com.example.flutter_application_1.MainActivity"
51            android:configChanges="orientation|keyboardHidden|keyboard|screenSize|smallestScreenSize|locale|layoutDirection|fontScale|screenLayout|density|uiMode"
52            android:exported="true"
53            android:hardwareAccelerated="true"
54            android:launchMode="singleTop"
55            android:taskAffinity=""
56            android:theme="@style/LaunchTheme"
57            android:windowSoftInputMode="adjustResize" >
58
59            <!--
60                 Specifies an Android theme to apply to this Activity as soon as
61                 the Android process has started. This theme is visible to the user
62                 while the Flutter UI initializes. After that, this theme continues
63                 to determine the Window background behind the Flutter UI.
64            -->
65            <meta-data
66                android:name="io.flutter.embedding.android.NormalTheme"
67                android:resource="@style/NormalTheme" />
68
69            <intent-filter>
70                <action android:name="android.intent.action.MAIN" />
71
72                <category android:name="android.intent.category.LAUNCHER" />
73            </intent-filter>
74        </activity>
75        <!--
76             Don't delete the meta-data below.
77             This is used by the Flutter tool to generate GeneratedPluginRegistrant.java
78        -->
79        <meta-data
80            android:name="flutterEmbedding"
81            android:value="2" />
82
83        <receiver
83-->[:flutter_local_notifications] AndroidManifest.xml:16:9-18:40
84            android:name="com.dexterous.flutterlocalnotifications.ActionBroadcastReceiver"
84-->[:flutter_local_notifications] AndroidManifest.xml:17:13-91
85            android:exported="false" />
85-->[:flutter_local_notifications] AndroidManifest.xml:18:13-37
86        <receiver
86-->[:flutter_local_notifications] AndroidManifest.xml:19:9-21:40
87            android:name="com.dexterous.flutterlocalnotifications.ScheduledNotificationReceiver"
87-->[:flutter_local_notifications] AndroidManifest.xml:20:13-97
88            android:exported="false" />
88-->[:flutter_local_notifications] AndroidManifest.xml:21:13-37
89        <receiver
89-->[:flutter_local_notifications] AndroidManifest.xml:22:9-31:20
90            android:name="com.dexterous.flutterlocalnotifications.ScheduledNotificationBootReceiver"
90-->[:flutter_local_notifications] AndroidManifest.xml:23:13-101
91            android:exported="false" >
91-->[:flutter_local_notifications] AndroidManifest.xml:24:13-37
92            <intent-filter>
92-->[:flutter_local_notifications] AndroidManifest.xml:25:13-30:29
93                <action android:name="android.intent.action.BOOT_COMPLETED" />
93-->[:flutter_local_notifications] AndroidManifest.xml:26:17-79
93-->[:flutter_local_notifications] AndroidManifest.xml:26:25-76
94                <action android:name="android.intent.action.MY_PACKAGE_REPLACED" />
94-->[:flutter_local_notifications] AndroidManifest.xml:27:17-84
94-->[:flutter_local_notifications] AndroidManifest.xml:27:25-81
95                <action android:name="android.intent.action.QUICKBOOT_POWERON" />
95-->[:flutter_local_notifications] AndroidManifest.xml:28:17-82
95-->[:flutter_local_notifications] AndroidManifest.xml:28:25-79
96                <action android:name="com.htc.intent.action.QUICKBOOT_POWERON" />
96-->[:flutter_local_notifications] AndroidManifest.xml:29:17-82
96-->[:flutter_local_notifications] AndroidManifest.xml:29:25-79
97            </intent-filter>
98        </receiver>
99
100        <uses-library
100-->[androidx.window:window:1.2.0] AndroidManifest.xml:23:9-25:40
101            android:name="androidx.window.extensions"
101-->[androidx.window:window:1.2.0] AndroidManifest.xml:24:13-54
102            android:required="false" />
102-->[androidx.window:window:1.2.0] AndroidManifest.xml:25:13-37
103        <uses-library
103-->[androidx.window:window:1.2.0] AndroidManifest.xml:26:9-28:40
104            android:name="androidx.window.sidecar"
104-->[androidx.window:window:1.2.0] AndroidManifest.xml:27:13-51
105            android:required="false" />
105-->[androidx.window:window:1.2.0] AndroidManifest.xml:28:13-37
106
107        <provider
107-->[androidx.lifecycle:lifecycle-process:2.7.0] AndroidManifest.xml:24:9-32:20
108            android:name="androidx.startup.InitializationProvider"
108-->[androidx.lifecycle:lifecycle-process:2.7.0] AndroidManifest.xml:25:13-67
109            android:authorities="com.example.flutter_application_1.androidx-startup"
109-->[androidx.lifecycle:lifecycle-process:2.7.0] AndroidManifest.xml:26:13-68
110            android:exported="false" >
110-->[androidx.lifecycle:lifecycle-process:2.7.0] AndroidManifest.xml:27:13-37
111            <meta-data
111-->[androidx.lifecycle:lifecycle-process:2.7.0] AndroidManifest.xml:29:13-31:52
112                android:name="androidx.lifecycle.ProcessLifecycleInitializer"
112-->[androidx.lifecycle:lifecycle-process:2.7.0] AndroidManifest.xml:30:17-78
113                android:value="androidx.startup" />
113-->[androidx.lifecycle:lifecycle-process:2.7.0] AndroidManifest.xml:31:17-49
114            <meta-data
114-->[androidx.profileinstaller:profileinstaller:1.3.1] AndroidManifest.xml:29:13-31:52
115                android:name="androidx.profileinstaller.ProfileInstallerInitializer"
115-->[androidx.profileinstaller:profileinstaller:1.3.1] AndroidManifest.xml:30:17-85
116                android:value="androidx.startup" />
116-->[androidx.profileinstaller:profileinstaller:1.3.1] AndroidManifest.xml:31:17-49
117        </provider>
118
119        <receiver
119-->[androidx.profileinstaller:profileinstaller:1.3.1] AndroidManifest.xml:34:9-52:20
120            android:name="androidx.profileinstaller.ProfileInstallReceiver"
120-->[androidx.profileinstaller:profileinstaller:1.3.1] AndroidManifest.xml:35:13-76
121            android:directBootAware="false"
121-->[androidx.profileinstaller:profileinstaller:1.3.1] AndroidManifest.xml:36:13-44
122            android:enabled="true"
122-->[androidx.profileinstaller:profileinstaller:1.3.1] AndroidManifest.xml:37:13-35
123            android:exported="true"
123-->[androidx.profileinstaller:profileinstaller:1.3.1] AndroidManifest.xml:38:13-36
124            android:permission="android.permission.DUMP" >
124-->[androidx.profileinstaller:profileinstaller:1.3.1] AndroidManifest.xml:39:13-57
125            <intent-filter>
125-->[androidx.profileinstaller:profileinstaller:1.3.1] AndroidManifest.xml:40:13-42:29
126                <action android:name="androidx.profileinstaller.action.INSTALL_PROFILE" />
126-->[androidx.profileinstaller:profileinstaller:1.3.1] AndroidManifest.xml:41:17-91
126-->[androidx.profileinstaller:profileinstaller:1.3.1] AndroidManifest.xml:41:25-88
127            </intent-filter>
128            <intent-filter>
128-->[androidx.profileinstaller:profileinstaller:1.3.1] AndroidManifest.xml:43:13-45:29
129                <action android:name="androidx.profileinstaller.action.SKIP_FILE" />
129-->[androidx.profileinstaller:profileinstaller:1.3.1] AndroidManifest.xml:44:17-85
129-->[androidx.profileinstaller:profileinstaller:1.3.1] AndroidManifest.xml:44:25-82
130            </intent-filter>
131            <intent-filter>
131-->[androidx.profileinstaller:profileinstaller:1.3.1] AndroidManifest.xml:46:13-48:29
132                <action android:name="androidx.profileinstaller.action.SAVE_PROFILE" />
132-->[androidx.profileinstaller:profileinstaller:1.3.1] AndroidManifest.xml:47:17-88
132-->[androidx.profileinstaller:profileinstaller:1.3.1] AndroidManifest.xml:47:25-85
133            </intent-filter>
134            <intent-filter>
134-->[androidx.profileinstaller:profileinstaller:1.3.1] AndroidManifest.xml:49:13-51:29
135                <action android:name="androidx.profileinstaller.action.BENCHMARK_OPERATION" />
135-->[androidx.profileinstaller:profileinstaller:1.3.1] AndroidManifest.xml:50:17-95
135-->[androidx.profileinstaller:profileinstaller:1.3.1] AndroidManifest.xml:50:25-92
136            </intent-filter>
137        </receiver>
138    </application>
139
140</manifest>